This file contains any messages produced by compilers while
running configure, to aid debugging if configure makes a mistake.

It was created by FileZilla configure 3.5.3, which was
generated by GNU Autoconf 2.68.  Invocation command line was

  $ ./configure --with-tinyxml=builtin

## --------- ##
## Platform. ##
## --------- ##

hostname = troll-NC110-ubuntu
uname -m = i686
uname -r = 3.0.0-14-generic
uname -s = Linux
uname -v = #24~ppa1~loms~oneiric-Ubuntu SMP Sun Dec 11 07:06:39 UTC 2011

/usr/bin/uname -p = unknown
/bin/uname -X     = unknown

/bin/arch              = unknown
/usr/bin/arch -k       = unknown
/usr/convex/getsysinfo = unknown
/usr/bin/hostinfo      = unknown
/bin/machine           = unknown
/usr/bin/oslevel       = unknown
/bin/universe          = unknown

PATH: /home/troll/bin
PATH: /usr/local/bin
PATH: /usr/bin
PATH: /bin
PATH: /usr/games
PATH: /home/troll/bin
PATH: /usr/sbin
PATH: /sbin


## ----------- ##
## Core tests. ##
## ----------- ##

configure:2627: checking for a BSD-compatible install
configure:2695: result: /usr/bin/install -c
configure:2706: checking whether build environment is sane
configure:2756: result: yes
configure:2897: checking for a thread-safe mkdir -p
configure:2936: result: /bin/mkdir -p
configure:2949: checking for gawk
configure:2979: result: no
configure:2949: checking for mawk
configure:2965: found /usr/bin/mawk
configure:2976: result: mawk
configure:2987: checking whether make sets $(MAKE)
configure:3009: result: yes
configure:3094: checking build system type
configure:3108: result: i686-pc-linux-gnu
configure:3128: checking host system type
configure:3141: result: i686-pc-linux-gnu
configure:3220: checking for g++
configure:3236: found /usr/bin/g++
configure:3247: result: g++
configure:3274: checking for C++ compiler version
configure:3283: g++ --version >&5
g++ (Ubuntu/Linaro 4.6.1-9ubuntu3) 4.6.1
Copyright (C) 2011 Free Software Foundation, Inc.
This is free software; see the source for copying conditions.  There is NO
warranty; not even for MERCHANTABILITY or FITNESS FOR A PARTICULAR PURPOSE.

configure:3294: $? = 0
configure:3283: g++ -v >&5
Using built-in specs.
COLLECT_GCC=g++
COLLECT_LTO_WRAPPER=/usr/lib/gcc/i686-linux-gnu/4.6.1/lto-wrapper
Target: i686-linux-gnu
Configured with: ../src/configure -v --with-pkgversion='Ubuntu/Linaro 4.6.1-9ubuntu3' --with-bugurl=file:///usr/share/doc/gcc-4.6/README.Bugs --enable-languages=c,c++,fortran,objc,obj-c++,go --prefix=/usr --program-suffix=-4.6 --enable-shared --enable-linker-build-id --with-system-zlib --libexecdir=/usr/lib --without-included-gettext --enable-threads=posix --with-gxx-include-dir=/usr/include/c++/4.6 --libdir=/usr/lib --enable-nls --with-sysroot=/ --enable-clocale=gnu --enable-libstdcxx-debug --enable-libstdcxx-time=yes --enable-plugin --enable-objc-gc --enable-targets=all --disable-werror --with-arch-32=i686 --with-tune=generic --enable-checking=release --build=i686-linux-gnu --host=i686-linux-gnu --target=i686-linux-gnu
Thread model: posix
gcc version 4.6.1 (Ubuntu/Linaro 4.6.1-9ubuntu3) 
configure:3294: $? = 0
configure:3283: g++ -V >&5
g++: error: unrecognized option '-V'
g++: fatal error: no input files
compilation terminated.
configure:3294: $? = 4
configure:3283: g++ -qversion >&5
g++: error: unrecognized option '-qversion'
g++: fatal error: no input files
compilation terminated.
configure:3294: $? = 4
configure:3314: checking whether the C++ compiler works
configure:3336: g++    conftest.cpp  >&5
configure:3340: $? = 0
configure:3388: result: yes
configure:3391: checking for C++ compiler default output file name
configure:3393: result: a.out
configure:3399: checking for suffix of executables
configure:3406: g++ -o conftest    conftest.cpp  >&5
configure:3410: $? = 0
configure:3432: result: 
configure:3454: checking whether we are cross compiling
configure:3462: g++ -o conftest    conftest.cpp  >&5
configure:3466: $? = 0
configure:3473: ./conftest
configure:3477: $? = 0
configure:3492: result: no
configure:3497: checking for suffix of object files
configure:3519: g++ -c   conftest.cpp >&5
configure:3523: $? = 0
configure:3544: result: o
configure:3548: checking whether we are using the GNU C++ compiler
configure:3567: g++ -c   conftest.cpp >&5
configure:3567: $? = 0
configure:3576: result: yes
configure:3585: checking whether g++ accepts -g
configure:3605: g++ -c -g  conftest.cpp >&5
configure:3605: $? = 0
configure:3646: result: yes
configure:3680: checking for style of include used by make
configure:3708: result: GNU
configure:3733: checking dependency style of g++
configure:3843: result: gcc3
configure:3906: checking for gcc
configure:3922: found /usr/bin/gcc
configure:3933: result: gcc
configure:4162: checking for C compiler version
configure:4171: gcc --version >&5
gcc (Ubuntu/Linaro 4.6.1-9ubuntu3) 4.6.1
Copyright (C) 2011 Free Software Foundation, Inc.
This is free software; see the source for copying conditions.  There is NO
warranty; not even for MERCHANTABILITY or FITNESS FOR A PARTICULAR PURPOSE.

configure:4182: $? = 0
configure:4171: gcc -v >&5
Using built-in specs.
COLLECT_GCC=gcc
COLLECT_LTO_WRAPPER=/usr/lib/gcc/i686-linux-gnu/4.6.1/lto-wrapper
Target: i686-linux-gnu
Configured with: ../src/configure -v --with-pkgversion='Ubuntu/Linaro 4.6.1-9ubuntu3' --with-bugurl=file:///usr/share/doc/gcc-4.6/README.Bugs --enable-languages=c,c++,fortran,objc,obj-c++,go --prefix=/usr --program-suffix=-4.6 --enable-shared --enable-linker-build-id --with-system-zlib --libexecdir=/usr/lib --without-included-gettext --enable-threads=posix --with-gxx-include-dir=/usr/include/c++/4.6 --libdir=/usr/lib --enable-nls --with-sysroot=/ --enable-clocale=gnu --enable-libstdcxx-debug --enable-libstdcxx-time=yes --enable-plugin --enable-objc-gc --enable-targets=all --disable-werror --with-arch-32=i686 --with-tune=generic --enable-checking=release --build=i686-linux-gnu --host=i686-linux-gnu --target=i686-linux-gnu
Thread model: posix
gcc version 4.6.1 (Ubuntu/Linaro 4.6.1-9ubuntu3) 
configure:4182: $? = 0
configure:4171: gcc -V >&5
gcc: error: unrecognized option '-V'
gcc: fatal error: no input files
compilation terminated.
configure:4182: $? = 4
configure:4171: gcc -qversion >&5
gcc: error: unrecognized option '-qversion'
gcc: fatal error: no input files
compilation terminated.
configure:4182: $? = 4
configure:4186: checking whether we are using the GNU C compiler
configure:4205: gcc -c   conftest.c >&5
configure:4205: $? = 0
configure:4214: result: yes
configure:4223: checking whether gcc accepts -g
configure:4243: gcc -c -g  conftest.c >&5
configure:4243: $? = 0
configure:4284: result: yes
configure:4301: checking for gcc option to accept ISO C89
configure:4365: gcc  -c -g -O2  conftest.c >&5
configure:4365: $? = 0
configure:4378: result: none needed
configure:4400: checking dependency style of gcc
configure:4510: result: gcc3
configure:4526: checking whether gcc and cc understand -c and -o together
configure:4557: gcc -c conftest.c -o conftest2.o >&5
configure:4561: $? = 0
configure:4567: gcc -c conftest.c -o conftest2.o >&5
configure:4571: $? = 0
configure:4582: cc -c conftest.c >&5
configure:4586: $? = 0
configure:4594: cc -c conftest.c -o conftest2.o >&5
configure:4598: $? = 0
configure:4604: cc -c conftest.c -o conftest2.o >&5
configure:4608: $? = 0
configure:4626: result: yes
configure:4698: checking how to print strings
configure:4725: result: printf
configure:4746: checking for a sed that does not truncate output
configure:4810: result: /bin/sed
configure:4828: checking for grep that handles long lines and -e
configure:4886: result: /bin/grep
configure:4891: checking for egrep
configure:4953: result: /bin/grep -E
configure:4958: checking for fgrep
configure:5020: result: /bin/grep -F
configure:5055: checking for ld used by gcc
configure:5122: result: /usr/bin/ld
configure:5129: checking if the linker (/usr/bin/ld) is GNU ld
configure:5144: result: yes
configure:5156: checking for BSD- or MS-compatible name lister (nm)
configure:5205: result: /usr/bin/nm -B
configure:5335: checking the name lister (/usr/bin/nm -B) interface
configure:5342: gcc -c -g -O2  conftest.c >&5
configure:5345: /usr/bin/nm -B "conftest.o"
configure:5348: output
00000000 B some_variable
configure:5355: result: BSD nm
configure:5358: checking whether ln -s works
configure:5362: result: yes
configure:5370: checking the maximum length of command line arguments
configure:5495: result: 1572864
configure:5512: checking whether the shell understands some XSI constructs
configure:5522: result: yes
configure:5526: checking whether the shell understands "+="
configure:5532: result: yes
configure:5567: checking how to convert i686-pc-linux-gnu file names to i686-pc-linux-gnu format
configure:5607: result: func_convert_file_noop
configure:5614: checking how to convert i686-pc-linux-gnu file names to toolchain format
configure:5634: result: func_convert_file_noop
configure:5641: checking for /usr/bin/ld option to reload object files
configure:5648: result: -r
configure:5722: checking for objdump
configure:5738: found /usr/bin/objdump
configure:5749: result: objdump
configure:5781: checking how to recognize dependent libraries
configure:5983: result: pass_all
configure:6068: checking for dlltool
configure:6098: result: no
configure:6128: checking how to associate runtime and link libraries
configure:6155: result: printf %s\n
configure:6216: checking for ar
configure:6232: found /usr/bin/ar
configure:6243: result: ar
configure:6280: checking for archiver @FILE support
configure:6297: gcc -c -g -O2  conftest.c >&5
configure:6297: $? = 0
configure:6300: ar cru libconftest.a @conftest.lst >&5
configure:6303: $? = 0
configure:6308: ar cru libconftest.a @conftest.lst >&5
ar: conftest.o: No such file or directory
configure:6311: $? = 1
configure:6323: result: @
configure:6381: checking for strip
configure:6397: found /usr/bin/strip
configure:6408: result: strip
configure:6480: checking for ranlib
configure:6496: found /usr/bin/ranlib
configure:6507: result: ranlib
configure:6609: checking command to parse /usr/bin/nm -B output from gcc object
configure:6728: gcc -c -g -O2  conftest.c >&5
configure:6731: $? = 0
configure:6735: /usr/bin/nm -B conftest.o \| sed -n -e 's/^.*[ ]\([ABCDGIRSTW][ABCDGIRSTW]*\)[ ][ ]*\([_A-Za-z][_A-Za-z0-9]*\)$/\1 \2 \2/p' | sed '/ __gnu_lto/d' \> conftest.nm
configure:6738: $? = 0
configure:6804: gcc -o conftest -g -O2   conftest.c conftstm.o >&5
configure:6807: $? = 0
configure:6845: result: ok
configure:6882: checking for sysroot
configure:6912: result: no
configure:7155: checking for mt
configure:7171: found /bin/mt
configure:7182: result: mt
configure:7205: checking if mt is a manifest tool
configure:7211: mt '-?'
configure:7219: result: no
configure:7851: checking how to run the C preprocessor
configure:7882: gcc -E  conftest.c
configure:7882: $? = 0
configure:7896: gcc -E  conftest.c
conftest.c:11:28: fatal error: ac_nonexistent.h: No such file or directory
compilation terminated.
configure:7896: $? = 1
configure: failed program was:
| /* confdefs.h */
| #define PACKAGE_NAME "FileZilla"
| #define PACKAGE_TARNAME "filezilla"
| #define PACKAGE_VERSION "3.5.3"
| #define PACKAGE_STRING "FileZilla 3.5.3"
| #define PACKAGE_BUGREPORT "tim.kosse@filezilla-project.org"
| #define PACKAGE_URL ""
| #define PACKAGE "filezilla"
| #define VERSION "3.5.3"
| /* end confdefs.h.  */
| #include <ac_nonexistent.h>
configure:7921: result: gcc -E
configure:7941: gcc -E  conftest.c
configure:7941: $? = 0
configure:7955: gcc -E  conftest.c
conftest.c:11:28: fatal error: ac_nonexistent.h: No such file or directory
compilation terminated.
configure:7955: $? = 1
configure: failed program was:
| /* confdefs.h */
| #define PACKAGE_NAME "FileZilla"
| #define PACKAGE_TARNAME "filezilla"
| #define PACKAGE_VERSION "3.5.3"
| #define PACKAGE_STRING "FileZilla 3.5.3"
| #define PACKAGE_BUGREPORT "tim.kosse@filezilla-project.org"
| #define PACKAGE_URL ""
| #define PACKAGE "filezilla"
| #define VERSION "3.5.3"
| /* end confdefs.h.  */
| #include <ac_nonexistent.h>
configure:7984: checking for ANSI C header files
configure:8004: gcc -c -g -O2  conftest.c >&5
configure:8004: $? = 0
configure:8077: gcc -o conftest -g -O2   conftest.c  >&5
configure:8077: $? = 0
configure:8077: ./conftest
configure:8077: $? = 0
configure:8088: result: yes
configure:8101: checking for sys/types.h
configure:8101: gcc -c -g -O2  conftest.c >&5
configure:8101: $? = 0
configure:8101: result: yes
configure:8101: checking for sys/stat.h
configure:8101: gcc -c -g -O2  conftest.c >&5
configure:8101: $? = 0
configure:8101: result: yes
configure:8101: checking for stdlib.h
configure:8101: gcc -c -g -O2  conftest.c >&5
configure:8101: $? = 0
configure:8101: result: yes
configure:8101: checking for string.h
configure:8101: gcc -c -g -O2  conftest.c >&5
configure:8101: $? = 0
configure:8101: result: yes
configure:8101: checking for memory.h
configure:8101: gcc -c -g -O2  conftest.c >&5
configure:8101: $? = 0
configure:8101: result: yes
configure:8101: checking for strings.h
configure:8101: gcc -c -g -O2  conftest.c >&5
configure:8101: $? = 0
configure:8101: result: yes
configure:8101: checking for inttypes.h
configure:8101: gcc -c -g -O2  conftest.c >&5
configure:8101: $? = 0
configure:8101: result: yes
configure:8101: checking for stdint.h
configure:8101: gcc -c -g -O2  conftest.c >&5
configure:8101: $? = 0
configure:8101: result: yes
configure:8101: checking for unistd.h
configure:8101: gcc -c -g -O2  conftest.c >&5
configure:8101: $? = 0
configure:8101: result: yes
configure:8115: checking for dlfcn.h
configure:8115: gcc -c -g -O2  conftest.c >&5
configure:8115: $? = 0
configure:8115: result: yes
configure:8313: checking for objdir
configure:8328: result: .libs
configure:8595: checking if gcc supports -fno-rtti -fno-exceptions
configure:8613: gcc -c -g -O2  -fno-rtti -fno-exceptions conftest.c >&5
cc1: warning: command line option '-fno-rtti' is valid for C++/ObjC++ but not for C [enabled by default]
configure:8617: $? = 0
configure:8630: result: no
configure:8940: checking for gcc option to produce PIC
configure:8947: result: -fPIC -DPIC
configure:8955: checking if gcc PIC flag -fPIC -DPIC works
configure:8973: gcc -c -g -O2  -fPIC -DPIC -DPIC conftest.c >&5
configure:8977: $? = 0
configure:8990: result: yes
configure:9019: checking if gcc static flag -static works
configure:9047: result: yes
configure:9062: checking if gcc supports -c -o file.o
configure:9083: gcc -c -g -O2  -o out/conftest2.o conftest.c >&5
configure:9087: $? = 0
configure:9109: result: yes
configure:9117: checking if gcc supports -c -o file.o
configure:9164: result: yes
configure:9197: checking whether the gcc linker (/usr/bin/ld) supports shared libraries
configure:10359: result: yes
configure:10396: checking whether -lc should be explicitly linked in
configure:10404: gcc -c -g -O2  conftest.c >&5
configure:10407: $? = 0
configure:10422: gcc -shared  -fPIC -DPIC conftest.o  -v -Wl,-soname -Wl,conftest -o conftest 2\>\&1 \| /bin/grep  -lc  \>/dev/null 2\>\&1
configure:10425: $? = 0
configure:10439: result: no
configure:10604: checking dynamic linker characteristics
configure:11119: gcc -o conftest -g -O2   -Wl,-rpath -Wl,/foo conftest.c  >&5
configure:11119: $? = 0
configure:11353: result: GNU/Linux ld.so
configure:11460: checking how to hardcode library paths into programs
configure:11485: result: immediate
configure:12025: checking whether stripping libraries is possible
configure:12030: result: yes
configure:12065: checking if libtool supports shared libraries
configure:12067: result: yes
configure:12070: checking whether to build shared libraries
configure:12091: result: yes
configure:12094: checking whether to build static libraries
configure:12098: result: yes
configure:12121: checking how to run the C++ preprocessor
configure:12148: g++ -E  conftest.cpp
configure:12148: $? = 0
configure:12162: g++ -E  conftest.cpp
conftest.cpp:23:28: fatal error: ac_nonexistent.h: No such file or directory
compilation terminated.
configure:12162: $? = 1
configure: failed program was:
| /* confdefs.h */
| #define PACKAGE_NAME "FileZilla"
| #define PACKAGE_TARNAME "filezilla"
| #define PACKAGE_VERSION "3.5.3"
| #define PACKAGE_STRING "FileZilla 3.5.3"
| #define PACKAGE_BUGREPORT "tim.kosse@filezilla-project.org"
| #define PACKAGE_URL ""
| #define PACKAGE "filezilla"
| #define VERSION "3.5.3"
| #define STDC_HEADERS 1
| #define HAVE_SYS_TYPES_H 1
| #define HAVE_SYS_STAT_H 1
| #define HAVE_STDLIB_H 1
| #define HAVE_STRING_H 1
| #define HAVE_MEMORY_H 1
| #define HAVE_STRINGS_H 1
| #define HAVE_INTTYPES_H 1
| #define HAVE_STDINT_H 1
| #define HAVE_UNISTD_H 1
| #define HAVE_DLFCN_H 1
| #define LT_OBJDIR ".libs/"
| /* end confdefs.h.  */
| #include <ac_nonexistent.h>
configure:12187: result: g++ -E
configure:12207: g++ -E  conftest.cpp
configure:12207: $? = 0
configure:12221: g++ -E  conftest.cpp
conftest.cpp:23:28: fatal error: ac_nonexistent.h: No such file or directory
compilation terminated.
configure:12221: $? = 1
configure: failed program was:
| /* confdefs.h */
| #define PACKAGE_NAME "FileZilla"
| #define PACKAGE_TARNAME "filezilla"
| #define PACKAGE_VERSION "3.5.3"
| #define PACKAGE_STRING "FileZilla 3.5.3"
| #define PACKAGE_BUGREPORT "tim.kosse@filezilla-project.org"
| #define PACKAGE_URL ""
| #define PACKAGE "filezilla"
| #define VERSION "3.5.3"
| #define STDC_HEADERS 1
| #define HAVE_SYS_TYPES_H 1
| #define HAVE_SYS_STAT_H 1
| #define HAVE_STDLIB_H 1
| #define HAVE_STRING_H 1
| #define HAVE_MEMORY_H 1
| #define HAVE_STRINGS_H 1
| #define HAVE_INTTYPES_H 1
| #define HAVE_STDINT_H 1
| #define HAVE_UNISTD_H 1
| #define HAVE_DLFCN_H 1
| #define LT_OBJDIR ".libs/"
| /* end confdefs.h.  */
| #include <ac_nonexistent.h>
configure:12391: checking for ld used by g++
configure:12458: result: /usr/bin/ld
configure:12465: checking if the linker (/usr/bin/ld) is GNU ld
configure:12480: result: yes
configure:12535: checking whether the g++ linker (/usr/bin/ld) supports shared libraries
configure:13539: result: yes
configure:13574: g++ -c -g -O2  conftest.cpp >&5
configure:13577: $? = 0
configure:14097: checking for g++ option to produce PIC
configure:14104: result: -fPIC -DPIC
configure:14112: checking if g++ PIC flag -fPIC -DPIC works
configure:14130: g++ -c -g -O2  -fPIC -DPIC -DPIC conftest.cpp >&5
configure:14134: $? = 0
configure:14147: result: yes
configure:14170: checking if g++ static flag -static works
configure:14198: result: yes
configure:14210: checking if g++ supports -c -o file.o
configure:14231: g++ -c -g -O2  -o out/conftest2.o conftest.cpp >&5
configure:14235: $? = 0
configure:14257: result: yes
configure:14262: checking if g++ supports -c -o file.o
configure:14309: result: yes
configure:14339: checking whether the g++ linker (/usr/bin/ld) supports shared libraries
configure:14376: result: yes
configure:14519: checking dynamic linker characteristics
configure:15202: result: GNU/Linux ld.so
configure:15255: checking how to hardcode library paths into programs
configure:15280: result: immediate
configure:15492: checking whether compiler supports -std=gnu++0x
configure:15514: g++ -c -g -O2 -Wall -g -fexceptions -std=gnu++0x  conftest.cpp >&5
configure:15514: $? = 0
configure:15516: result: yes
configure:15569: checking for whether we can include <unordered_map>
configure:15597: g++ -E  -std=gnu++0x conftest.cpp
configure:15597: $? = 0
configure:15600: result: yes
configure:15793: checking for wx-config
configure:15812: found /usr/bin/wx-config
configure:15825: result: /usr/bin/wx-config
configure:15843: checking for wxWidgets version >= 2.8.12 (--unicode=yes --universal=no)
configure:15887: result: yes (version 2.8.12)
configure:15891: checking for wxWidgets static library
configure:15895: result: no
configure:16027: checking positional printf argument support in wxWidgets
configure:16045: g++ -E  -I/usr/lib/wx/include/gtk2-unicode-release-2.8 -I/usr/include/wx-2.8 -D_FILE_OFFSET_BITS=64 -D_LARGE_FILES -D__WXGTK__ conftest.cpp
configure:16045: $? = 0
configure:16046: result: yes
configure:16159: checking system type for sftp stub
configure:16163: result: unix
configure:16172: checking for utmpx.h
configure:16172: gcc -c -g -O2 -Wall -g -fexceptions  conftest.c >&5
configure:16172: $? = 0
configure:16172: result: yes
configure:16172: checking for sys/select.h
configure:16172: gcc -c -g -O2 -Wall -g -fexceptions  conftest.c >&5
configure:16172: $? = 0
configure:16172: result: yes
configure:16186: checking for library containing socket
configure:16217: gcc -o conftest -g -O2 -Wall -g -fexceptions   conftest.c  >&5
configure:16217: $? = 0
configure:16234: result: none required
configure:16242: checking for library containing getaddrinfo
configure:16273: gcc -o conftest -g -O2 -Wall -g -fexceptions   conftest.c  >&5
configure:16273: $? = 0
configure:16290: result: none required
configure:16298: checking for library containing in6addr_loopback
configure:16329: gcc -o conftest -g -O2 -Wall -g -fexceptions   conftest.c  >&5
configure:16329: $? = 0
configure:16346: result: none required
configure:16358: checking for getaddrinfo
configure:16358: gcc -o conftest -g -O2 -Wall -g -fexceptions   conftest.c  >&5
configure:16358: $? = 0
configure:16358: result: yes
configure:16358: checking for ptsname
configure:16358: gcc -o conftest -g -O2 -Wall -g -fexceptions   conftest.c  >&5
configure:16358: $? = 0
configure:16358: result: yes
configure:16358: checking for setresuid
configure:16358: gcc -o conftest -g -O2 -Wall -g -fexceptions   conftest.c  >&5
configure:16358: $? = 0
configure:16358: result: yes
configure:16358: checking for strsignal
configure:16358: gcc -o conftest -g -O2 -Wall -g -fexceptions   conftest.c  >&5
configure:16358: $? = 0
configure:16358: result: yes
configure:16358: checking for updwtmpx
configure:16358: gcc -o conftest -g -O2 -Wall -g -fexceptions   conftest.c  >&5
configure:16358: $? = 0
configure:16358: result: yes
configure:16370: checking for gettimeofday
configure:16370: gcc -o conftest -g -O2 -Wall -g -fexceptions   conftest.c  >&5
configure:16370: $? = 0
configure:16370: result: yes
configure:16370: checking for ftime
configure:16370: gcc -o conftest -g -O2 -Wall -g -fexceptions   conftest.c  >&5
configure:16370: $? = 0
configure:16370: result: yes
configure:16382: checking for in6addr_loopback
configure:16382: gcc -o conftest -g -O2 -Wall -g -fexceptions   conftest.c  >&5
configure:16382: $? = 0
configure:16382: result: yes
configure:16382: checking for in6addr_any
configure:16382: gcc -o conftest -g -O2 -Wall -g -fexceptions   conftest.c  >&5
configure:16382: $? = 0
configure:16382: result: yes
configure:16417: checking whether to use windres
configure:16483: result: no
configure:16554: checking idna.h usability
configure:16554: gcc -c -g -O2 -Wall -g -fexceptions  conftest.c >&5
configure:16554: $? = 0
configure:16554: result: yes
configure:16554: checking idna.h presence
configure:16554: gcc -E  conftest.c
configure:16554: $? = 0
configure:16554: result: yes
configure:16554: checking for idna.h
configure:16554: result: yes
configure:16577: checking for stringprep_check_version in -lidn
configure:16602: gcc -o conftest -g -O2 -Wall -g -fexceptions   conftest.c -lidn   >&5
configure:16602: $? = 0
configure:16611: result: yes
configure:16629: checking whether to use BinReloc
configure:16639: result: yes
configure:16645: checking whether to use precompiled headers
configure:16678: result: yes
configure:16722: checking for cppunit-config
configure:16753: result: no
configure:16763: checking for Cppunit - version >= 1.10.2
configure:16767: result: no
configure:16923: checking for pkg-config
configure:16941: found /usr/bin/pkg-config
configure:16953: result: /usr/bin/pkg-config
configure:16978: checking pkg-config is at least version 0.9.0
configure:16981: result: yes
configure:16992: checking for LIBGNUTLS
configure:16999: $PKG_CONFIG --exists --print-errors "gnutls >= 2.8.3"
configure:17002: $? = 0
configure:17015: $PKG_CONFIG --exists --print-errors "gnutls >= 2.8.3"
configure:17018: $? = 0
configure:17497: result: yes
configure:17670: Using builtin tinyxml
configure:17714: checking for LIBDBUS
configure:17721: $PKG_CONFIG --exists --print-errors "dbus-1 >= 1.2"
configure:17724: $? = 0
configure:17737: $PKG_CONFIG --exists --print-errors "dbus-1 >= 1.2"
configure:17740: $? = 0
configure:17919: result: yes
configure:17930: checking D-Bus support
configure:17932: result: yes
configure:17940: checking for xdg-open
configure:17958: found /usr/bin/xdg-open
configure:17970: result: /usr/bin/xdg-open
configure:17984: checking for LIBGTK
configure:17991: $PKG_CONFIG --exists --print-errors "gtk+-2.0"
configure:17994: $? = 0
configure:18007: $PKG_CONFIG --exists --print-errors "gtk+-2.0"
configure:18010: $? = 0
configure:18049: result: yes
configure:18059: checking for setenv
configure:18059: gcc -o conftest -g -O2 -Wall -g -fexceptions  -fpch-preprocess  conftest.c  >&5
configure:18059: $? = 0
configure:18059: result: yes
configure:18066: checking for putenv
configure:18066: gcc -o conftest -g -O2 -Wall -g -fexceptions  -fpch-preprocess  conftest.c  >&5
configure:18066: $? = 0
configure:18066: result: yes
configure:18079: checking for LIBSQLITE3
configure:18086: $PKG_CONFIG --exists --print-errors "sqlite3 >= 3.7"
configure:18089: $? = 0
configure:18102: $PKG_CONFIG --exists --print-errors "sqlite3 >= 3.7"
configure:18105: $? = 0
configure:18254: result: yes
configure:18275: checking for xgettext
configure:18293: found /usr/bin/xgettext
configure:18305: result: /usr/bin/xgettext
configure:18319: checking for msgfmt
configure:18337: found /usr/bin/msgfmt
configure:18349: result: /usr/bin/msgfmt
configure:18364: checking for msgmerge
configure:18382: found /usr/bin/msgmerge
configure:18394: result: /usr/bin/msgmerge
configure:18411: checking whether msgmerge version >= 0.11.0
configure:18437: result: yes, 0.18.1
configure:18447: checking available FZ3 message catalogs
configure:18473: result: ar bg_BG ca ca_ES@valencia cs_CZ da_DK de el es et_EE eu_ES fa_IR fi_FI fr gl_ES he_IL hr hu_HU hy id_ID is it ja_JP ka km_KH ko_KR ku lt_LT lv_LV mk_MK nb_NO ne nl nn_NO oc pl_PL pt_BR pt_PT ro_RO ru sk_SK sl_SI sr sv th_TH tr uk_UA vi_VN zh_CN zh_TW
configure:18478: checking for wxrc
configure:18496: found /usr/bin/wxrc
configure:18508: result: /usr/bin/wxrc
configure:18826: creating ./config.status

## ---------------------- ##
## Running config.status. ##
## ---------------------- ##

This file was extended by FileZilla config.status 3.5.3, which was
generated by GNU Autoconf 2.68.  Invocation command line was

  CONFIG_FILES    = 
  CONFIG_HEADERS  = 
  CONFIG_LINKS    = 
  CONFIG_COMMANDS = 
  $ ./config.status 

on troll-NC110-ubuntu

config.status:1283: creating Makefile
config.status:1283: creating src/Makefile
config.status:1283: creating src/engine/Makefile
config.status:1283: creating src/tinyxml/Makefile
config.status:1283: creating src/dbus/Makefile
config.status:1283: creating src/interface/Makefile
config.status:1283: creating src/interface/resources/Makefile
config.status:1283: creating src/include/Makefile
config.status:1283: creating locales/Makefile
config.status:1283: creating src/interface/resources/16x16/Makefile
config.status:1283: creating src/interface/resources/32x32/Makefile
config.status:1283: creating data/Makefile
config.status:1283: creating src/interface/resources/cyril/Makefile
config.status:1283: creating src/interface/resources/cyril/16x16/Makefile
config.status:1283: creating src/interface/resources/blukis/Makefile
config.status:1283: creating src/interface/resources/lone/Makefile
config.status:1283: creating src/interface/resources/minimal/Makefile
config.status:1283: creating src/interface/resources/opencrystal/Makefile
config.status:1283: creating src/putty/Makefile
config.status:1283: creating src/putty/unix/Makefile
config.status:1283: creating src/putty/windows/Makefile
config.status:1283: creating tests/Makefile
config.status:1283: creating src/interface/resources/version.rc
config.status:1283: creating src/interface/resources/MacInfo.plist
config.status:1283: creating src/fzshellext/Makefile
config.status:1283: creating src/fzshellext/version.rc
config.status:1283: creating src/include/config.h
config.status:1512: executing depfiles commands
config.status:1512: executing libtool commands

## ---------------- ##
## Cache variables. ##
## ---------------- ##

ac_cv_build=i686-pc-linux-gnu
ac_cv_c_compiler_gnu=yes
ac_cv_cxx_compiler_gnu=yes
ac_cv_env_CCC_set=
ac_cv_env_CCC_value=
ac_cv_env_CC_set=
ac_cv_env_CC_value=
ac_cv_env_CFLAGS_set=
ac_cv_env_CFLAGS_value=
ac_cv_env_CPPFLAGS_set=
ac_cv_env_CPPFLAGS_value=
ac_cv_env_CPP_set=
ac_cv_env_CPP_value=
ac_cv_env_CXXCPP_set=
ac_cv_env_CXXCPP_value=
ac_cv_env_CXXFLAGS_set=
ac_cv_env_CXXFLAGS_value=
ac_cv_env_CXX_set=
ac_cv_env_CXX_value=
ac_cv_env_LDFLAGS_set=
ac_cv_env_LDFLAGS_value=
ac_cv_env_LIBDBUS_CFLAGS_set=
ac_cv_env_LIBDBUS_CFLAGS_value=
ac_cv_env_LIBDBUS_LIBS_set=
ac_cv_env_LIBDBUS_LIBS_value=
ac_cv_env_LIBGNUTLS_CFLAGS_set=
ac_cv_env_LIBGNUTLS_CFLAGS_value=
ac_cv_env_LIBGNUTLS_LIBS_set=
ac_cv_env_LIBGNUTLS_LIBS_value=
ac_cv_env_LIBGTK_CFLAGS_set=
ac_cv_env_LIBGTK_CFLAGS_value=
ac_cv_env_LIBGTK_LIBS_set=
ac_cv_env_LIBGTK_LIBS_value=
ac_cv_env_LIBSQLITE3_CFLAGS_set=
ac_cv_env_LIBSQLITE3_CFLAGS_value=
ac_cv_env_LIBSQLITE3_LIBS_set=
ac_cv_env_LIBSQLITE3_LIBS_value=
ac_cv_env_LIBS_set=
ac_cv_env_LIBS_value=
ac_cv_env_PKG_CONFIG_set=
ac_cv_env_PKG_CONFIG_value=
ac_cv_env_build_alias_set=
ac_cv_env_build_alias_value=
ac_cv_env_host_alias_set=
ac_cv_env_host_alias_value=
ac_cv_env_target_alias_set=
ac_cv_env_target_alias_value=
ac_cv_func_ftime=yes
ac_cv_func_getaddrinfo=yes
ac_cv_func_gettimeofday=yes
ac_cv_func_in6addr_any=yes
ac_cv_func_in6addr_loopback=yes
ac_cv_func_ptsname=yes
ac_cv_func_putenv=yes
ac_cv_func_setenv=yes
ac_cv_func_setresuid=yes
ac_cv_func_strsignal=yes
ac_cv_func_updwtmpx=yes
ac_cv_header_dlfcn_h=yes
ac_cv_header_idna_h=yes
ac_cv_header_inttypes_h=yes
ac_cv_header_memory_h=yes
ac_cv_header_stdc=yes
ac_cv_header_stdint_h=yes
ac_cv_header_stdlib_h=yes
ac_cv_header_string_h=yes
ac_cv_header_strings_h=yes
ac_cv_header_sys_select_h=yes
ac_cv_header_sys_stat_h=yes
ac_cv_header_sys_types_h=yes
ac_cv_header_unistd_h=yes
ac_cv_header_utmpx_h=yes
ac_cv_host=i686-pc-linux-gnu
ac_cv_lib_idn_stringprep_check_version=yes
ac_cv_objext=o
ac_cv_path_CPPUNIT_CONFIG=no
ac_cv_path_EGREP='/bin/grep -E'
ac_cv_path_FGREP='/bin/grep -F'
ac_cv_path_GREP=/bin/grep
ac_cv_path_SED=/bin/sed
ac_cv_path_WXRC=/usr/bin/wxrc
ac_cv_path_WX_CONFIG_PATH=/usr/bin/wx-config
ac_cv_path_ac_pt_PKG_CONFIG=/usr/bin/pkg-config
ac_cv_path_install='/usr/bin/install -c'
ac_cv_path_mkdir=/bin/mkdir
ac_cv_path_msgfmt=/usr/bin/msgfmt
ac_cv_path_msgmerge=/usr/bin/msgmerge
ac_cv_path_xdgopen=/usr/bin/xdg-open
ac_cv_path_xgettext=/usr/bin/xgettext
ac_cv_prog_AWK=mawk
ac_cv_prog_CPP='gcc -E'
ac_cv_prog_CXXCPP='g++ -E'
ac_cv_prog_ac_ct_AR=ar
ac_cv_prog_ac_ct_CC=gcc
ac_cv_prog_ac_ct_CXX=g++
ac_cv_prog_ac_ct_MANIFEST_TOOL=mt
ac_cv_prog_ac_ct_OBJDUMP=objdump
ac_cv_prog_ac_ct_RANLIB=ranlib
ac_cv_prog_ac_ct_STRIP=strip
ac_cv_prog_cc_c89=
ac_cv_prog_cc_g=yes
ac_cv_prog_cc_gcc_c_o=yes
ac_cv_prog_cxx_g=yes
ac_cv_prog_make_make_set=yes
ac_cv_search_getaddrinfo='none required'
ac_cv_search_in6addr_loopback='none required'
ac_cv_search_socket='none required'
am_cv_CC_dependencies_compiler_type=gcc3
am_cv_CXX_dependencies_compiler_type=gcc3
lt_cv_ar_at_file=@
lt_cv_archive_cmds_need_lc=no
lt_cv_deplibs_check_method=pass_all
lt_cv_file_magic_cmd='$MAGIC_CMD'
lt_cv_file_magic_test_file=
lt_cv_ld_reload_flag=-r
lt_cv_nm_interface='BSD nm'
lt_cv_objdir=.libs
lt_cv_path_LD=/usr/bin/ld
lt_cv_path_LDCXX=/usr/bin/ld
lt_cv_path_NM='/usr/bin/nm -B'
lt_cv_path_mainfest_tool=no
lt_cv_prog_compiler_c_o=yes
lt_cv_prog_compiler_c_o_CXX=yes
lt_cv_prog_compiler_pic='-fPIC -DPIC'
lt_cv_prog_compiler_pic_CXX='-fPIC -DPIC'
lt_cv_prog_compiler_pic_works=yes
lt_cv_prog_compiler_pic_works_CXX=yes
lt_cv_prog_compiler_rtti_exceptions=no
lt_cv_prog_compiler_static_works=yes
lt_cv_prog_compiler_static_works_CXX=yes
lt_cv_prog_gnu_ld=yes
lt_cv_prog_gnu_ldcxx=yes
lt_cv_sharedlib_from_linklib_cmd='printf %s\n'
lt_cv_shlibpath_overrides_runpath=no
lt_cv_sys_global_symbol_pipe='sed -n -e '\''s/^.*[	 ]\([ABCDGIRSTW][ABCDGIRSTW]*\)[	 ][	 ]*\([_A-Za-z][_A-Za-z0-9]*\)$/\1 \2 \2/p'\'' | sed '\''/ __gnu_lto/d'\'''
lt_cv_sys_global_symbol_to_c_name_address='sed -n -e '\''s/^: \([^ ]*\)[ ]*$/  {\"\1\", (void *) 0},/p'\'' -e '\''s/^[ABCDGIRSTW]* \([^ ]*\) \([^ ]*\)$/  {"\2", (void *) \&\2},/p'\'''
lt_cv_sys_global_symbol_to_c_name_address_lib_prefix='sed -n -e '\''s/^: \([^ ]*\)[ ]*$/  {\"\1\", (void *) 0},/p'\'' -e '\''s/^[ABCDGIRSTW]* \([^ ]*\) \(lib[^ ]*\)$/  {"\2", (void *) \&\2},/p'\'' -e '\''s/^[ABCDGIRSTW]* \([^ ]*\) \([^ ]*\)$/  {"lib\2", (void *) \&\2},/p'\'''
lt_cv_sys_global_symbol_to_cdecl='sed -n -e '\''s/^T .* \(.*\)$/extern int \1();/p'\'' -e '\''s/^[ABCDGIRSTW]* .* \(.*\)$/extern char \1;/p'\'''
lt_cv_sys_max_cmd_len=1572864
lt_cv_to_host_file_cmd=func_convert_file_noop
lt_cv_to_tool_file_cmd=func_convert_file_noop
pkg_cv_LIBDBUS_CFLAGS='-I/usr/include/dbus-1.0 -I/usr/lib/i386-linux-gnu/dbus-1.0/include  '
pkg_cv_LIBDBUS_LIBS='-ldbus-1 -lpthread -lrt  '
pkg_cv_LIBGNUTLS_CFLAGS=' '
pkg_cv_LIBGNUTLS_LIBS='-lgnutls  '
pkg_cv_LIBGTK_CFLAGS='-pthread -I/usr/include/gtk-2.0 -I/usr/lib/i386-linux-gnu/gtk-2.0/include -I/usr/include/atk-1.0 -I/usr/include/cairo -I/usr/include/gdk-pixbuf-2.0 -I/usr/include/pango-1.0 -I/usr/include/gio-unix-2.0/ -I/usr/include/glib-2.0 -I/usr/lib/i386-linux-gnu/glib-2.0/include -I/usr/include/pixman-1 -I/usr/include/freetype2 -I/usr/include/libpng12  '
pkg_cv_LIBGTK_LIBS='-pthread -lgtk-x11-2.0 -lgdk-x11-2.0 -latk-1.0 -lgio-2.0 -lpangoft2-1.0 -lpangocairo-1.0 -lgdk_pixbuf-2.0 -lcairo -lpango-1.0 -lfreetype -lfontconfig -lgobject-2.0 -lgmodule-2.0 -lgthread-2.0 -lrt -lglib-2.0  '
pkg_cv_LIBSQLITE3_CFLAGS=' '
pkg_cv_LIBSQLITE3_LIBS='-lsqlite3  '

## ----------------- ##
## Output variables. ##
## ----------------- ##

ACLOCAL='${SHELL} /home/troll/filezilla/config/missing --run aclocal-1.11'
AMDEPBACKSLASH='\'
AMDEP_FALSE='#'
AMDEP_TRUE=''
AMTAR='${SHELL} /home/troll/filezilla/config/missing --run tar'
AR='ar'
AUTOCONF='${SHELL} /home/troll/filezilla/config/missing --run autoconf'
AUTOHEADER='${SHELL} /home/troll/filezilla/config/missing --run autoheader'
AUTOMAKE='${SHELL} /home/troll/filezilla/config/missing --run automake-1.11'
AWK='mawk'
CC='gcc'
CCDEPMODE='depmode=gcc3'
CFLAGS='-g -O2 -Wall -g -fexceptions'
CPP='gcc -E'
CPPFLAGS=' -fpch-preprocess'
CPPUNIT_CFLAGS=''
CPPUNIT_CONFIG='no'
CPPUNIT_LIBS=''
CXX='g++'
CXXCPP='g++ -E'
CXXDEPMODE='depmode=gcc3'
CXXFLAGS='-g -O2 -Wall -g -fexceptions -std=gnu++0x'
CYGPATH_W='echo'
DEFS='-DHAVE_CONFIG_H'
DEPDIR='.deps'
DLLTOOL='false'
DSYMUTIL=''
DUMPBIN=''
ECHO_C=''
ECHO_N='-n'
ECHO_T=''
EGREP='/bin/grep -E'
ENABLE_PRECOMP_FALSE='#'
ENABLE_PRECOMP_TRUE=''
EXEEXT=''
FGREP='/bin/grep -F'
FILEZILLA_LINGUAS='ar bg_BG ca ca_ES@valencia cs_CZ da_DK de el es et_EE eu_ES fa_IR fi_FI fr gl_ES he_IL hr hu_HU hy id_ID is it ja_JP ka km_KH ko_KR ku lt_LT lv_LV mk_MK nb_NO ne nl nn_NO oc pl_PL pt_BR pt_PT ro_RO ru sk_SK sl_SI sr sv th_TH tr uk_UA vi_VN zh_CN zh_TW'
FILEZILLA_LINGUAS_MO='ar.mo bg_BG.mo ca.mo ca_ES@valencia.mo cs_CZ.mo da_DK.mo de.mo el.mo es.mo et_EE.mo eu_ES.mo fa_IR.mo fi_FI.mo fr.mo gl_ES.mo he_IL.mo hr.mo hu_HU.mo hy.mo id_ID.mo is.mo it.mo ja_JP.mo ka.mo km_KH.mo ko_KR.mo ku.mo lt_LT.mo lv_LV.mo mk_MK.mo nb_NO.mo ne.mo nl.mo nn_NO.mo oc.mo pl_PL.mo pt_BR.mo pt_PT.mo ro_RO.mo ru.mo sk_SK.mo sl_SI.mo sr.mo sv.mo th_TH.mo tr.mo uk_UA.mo vi_VN.mo zh_CN.mo zh_TW.mo'
FILEZILLA_LINGUAS_PO='$(srcdir)/ar.po $(srcdir)/bg_BG.po $(srcdir)/ca.po $(srcdir)/ca_ES@valencia.po $(srcdir)/cs_CZ.po $(srcdir)/da_DK.po $(srcdir)/de.po $(srcdir)/el.po $(srcdir)/es.po $(srcdir)/et_EE.po $(srcdir)/eu_ES.po $(srcdir)/fa_IR.po $(srcdir)/fi_FI.po $(srcdir)/fr.po $(srcdir)/gl_ES.po $(srcdir)/he_IL.po $(srcdir)/hr.po $(srcdir)/hu_HU.po $(srcdir)/hy.po $(srcdir)/id_ID.po $(srcdir)/is.po $(srcdir)/it.po $(srcdir)/ja_JP.po $(srcdir)/ka.po $(srcdir)/km_KH.po $(srcdir)/ko_KR.po $(srcdir)/ku.po $(srcdir)/lt_LT.po $(srcdir)/lv_LV.po $(srcdir)/mk_MK.po $(srcdir)/nb_NO.po $(srcdir)/ne.po $(srcdir)/nl.po $(srcdir)/nn_NO.po $(srcdir)/oc.po $(srcdir)/pl_PL.po $(srcdir)/pt_BR.po $(srcdir)/pt_PT.po $(srcdir)/ro_RO.po $(srcdir)/ru.po $(srcdir)/sk_SK.po $(srcdir)/sl_SI.po $(srcdir)/sr.po $(srcdir)/sv.po $(srcdir)/th_TH.po $(srcdir)/tr.po $(srcdir)/uk_UA.po $(srcdir)/vi_VN.po $(srcdir)/zh_CN.po $(srcdir)/zh_TW.po'
FILEZILLA_LINGUAS_PO_NEW='ar.po.new bg_BG.po.new ca.po.new ca_ES@valencia.po.new cs_CZ.po.new da_DK.po.new de.po.new el.po.new es.po.new et_EE.po.new eu_ES.po.new fa_IR.po.new fi_FI.po.new fr.po.new gl_ES.po.new he_IL.po.new hr.po.new hu_HU.po.new hy.po.new id_ID.po.new is.po.new it.po.new ja_JP.po.new ka.po.new km_KH.po.new ko_KR.po.new ku.po.new lt_LT.po.new lv_LV.po.new mk_MK.po.new nb_NO.po.new ne.po.new nl.po.new nn_NO.po.new oc.po.new pl_PL.po.new pt_BR.po.new pt_PT.po.new ro_RO.po.new ru.po.new sk_SK.po.new sl_SI.po.new sr.po.new sv.po.new th_TH.po.new tr.po.new uk_UA.po.new vi_VN.po.new zh_CN.po.new zh_TW.po.new'
GREP='/bin/grep'
HAS_CPPUNIT_FALSE=''
HAS_CPPUNIT_TRUE='#'
HAVE_DBUS_FALSE='#'
HAVE_DBUS_TRUE=''
HAVE_LIBTINYXML_FALSE=''
HAVE_LIBTINYXML_TRUE='#'
IDN_LIB='-lidn'
INSTALL_DATA='${INSTALL} -m 644'
INSTALL_PROGRAM='${INSTALL}'
INSTALL_SCRIPT='${INSTALL}'
INSTALL_STRIP_PROGRAM='$(install_sh) -c -s'
LD='/usr/bin/ld'
LDFLAGS=''
LIBDBUS_CFLAGS='-I/usr/include/dbus-1.0 -I/usr/lib/i386-linux-gnu/dbus-1.0/include  '
LIBDBUS_LIBS='-ldbus-1 -lpthread -lrt  '
LIBGNUTLS_CFLAGS=' '
LIBGNUTLS_CONFIG=''
LIBGNUTLS_LIBS='-lgnutls  '
LIBGTK_CFLAGS='-pthread -I/usr/include/gtk-2.0 -I/usr/lib/i386-linux-gnu/gtk-2.0/include -I/usr/include/atk-1.0 -I/usr/include/cairo -I/usr/include/gdk-pixbuf-2.0 -I/usr/include/pango-1.0 -I/usr/include/gio-unix-2.0/ -I/usr/include/glib-2.0 -I/usr/lib/i386-linux-gnu/glib-2.0/include -I/usr/include/pixman-1 -I/usr/include/freetype2 -I/usr/include/libpng12  '
LIBGTK_LIBS='-pthread -lgtk-x11-2.0 -lgdk-x11-2.0 -latk-1.0 -lgio-2.0 -lpangoft2-1.0 -lpangocairo-1.0 -lgdk_pixbuf-2.0 -lcairo -lpango-1.0 -lfreetype -lfontconfig -lgobject-2.0 -lgmodule-2.0 -lgthread-2.0 -lrt -lglib-2.0  '
LIBOBJS=''
LIBS=''
LIBSQLITE3_CFLAGS=' '
LIBSQLITE3_LIBS='-lsqlite3  '
LIBTOOL='$(SHELL) $(top_builddir)/libtool'
LIPO=''
LN_S='ln -s'
LOCALES_FALSE='#'
LOCALES_ONLY_FALSE=''
LOCALES_ONLY_TRUE='#'
LOCALES_TRUE=''
LTLIBOBJS=''
MACAPPBUNDLE_FALSE=''
MACAPPBUNDLE_TRUE='#'
MAKEINFO='${SHELL} /home/troll/filezilla/config/missing --run makeinfo'
MAKENSISSCRIPT_FALSE=''
MAKENSISSCRIPT_TRUE='#'
MANIFEST_TOOL=':'
MINGW_FALSE=''
MINGW_TRUE='#'
MKDIR_P='/bin/mkdir -p'
NM='/usr/bin/nm -B'
NMEDIT=''
OBJDUMP='objdump'
OBJEXT='o'
OTOOL64=''
OTOOL=''
PACKAGE='filezilla'
PACKAGE_BUGREPORT='tim.kosse@filezilla-project.org'
PACKAGE_NAME='FileZilla'
PACKAGE_STRING='FileZilla 3.5.3'
PACKAGE_TARNAME='filezilla'
PACKAGE_URL=''
PACKAGE_VERSION='3.5.3'
PACKAGE_VERSION_MAJOR='3'
PACKAGE_VERSION_MICRO='3'
PACKAGE_VERSION_MINOR='5'
PACKAGE_VERSION_NANO='0'
PATH_SEPARATOR=':'
PKG_CONFIG='/usr/bin/pkg-config'
RANLIB='ranlib'
SED='/bin/sed'
SET_MAKE=''
SFTP_MINGW_FALSE=''
SFTP_MINGW_TRUE='#'
SFTP_UNIX_FALSE='#'
SFTP_UNIX_TRUE=''
SHELL='/bin/bash'
STRIP='strip'
TINYXML_LIBS='../tinyxml/libtinyxml.a'
USE_BINRELOC_FALSE='#'
USE_BINRELOC_TRUE=''
USE_RESOURCEFILE_FALSE=''
USE_RESOURCEFILE_TRUE='#'
VERSION='3.5.3'
WINDRES=''
WINDRESFLAGS=''
WXRC='/usr/bin/wxrc'
WX_CFLAGS='-I/usr/lib/wx/include/gtk2-unicode-release-2.8 -I/usr/include/wx-2.8 -D_FILE_OFFSET_BITS=64 -D_LARGE_FILES -D__WXGTK__ -pthread'
WX_CFLAGS_ONLY='-pthread'
WX_CONFIG_PATH='/usr/bin/wx-config'
WX_CONFIG_WITH_ARGS='/usr/bin/wx-config  --unicode=yes --universal=no aui,xrc,adv,core,xml,net,base'
WX_CPPFLAGS='-I/usr/lib/wx/include/gtk2-unicode-release-2.8 -I/usr/include/wx-2.8 -D_FILE_OFFSET_BITS=64 -D_LARGE_FILES -D__WXGTK__'
WX_CXXFLAGS='-I/usr/lib/wx/include/gtk2-unicode-release-2.8 -I/usr/include/wx-2.8 -D_FILE_OFFSET_BITS=64 -D_LARGE_FILES -D__WXGTK__ -pthread'
WX_CXXFLAGS_ONLY=''
WX_LIBS='-pthread -Wl,-Bsymbolic-functions  -lwx_gtk2u_aui-2.8 -lwx_gtk2u_xrc-2.8 -lwx_gtk2u_adv-2.8 -lwx_gtk2u_core-2.8 -lwx_baseu_xml-2.8 -lwx_baseu_net-2.8 -lwx_baseu-2.8 '
WX_LIBS_STATIC=''
WX_RESCOMP=''
WX_VERSION='2.8.12'
ac_ct_AR='ar'
ac_ct_CC='gcc'
ac_ct_CXX='g++'
ac_ct_DUMPBIN=''
am__EXEEXT_FALSE=''
am__EXEEXT_TRUE='#'
am__fastdepCC_FALSE='#'
am__fastdepCC_TRUE=''
am__fastdepCXX_FALSE='#'
am__fastdepCXX_TRUE=''
am__include='include'
am__isrc=''
am__leading_dot='.'
am__quote=''
am__tar='${AMTAR} chof - "$$tardir"'
am__untar='${AMTAR} xf -'
bindir='${exec_prefix}/bin'
build='i686-pc-linux-gnu'
build_alias=''
build_cpu='i686'
build_os='linux-gnu'
build_vendor='pc'
datadir='${datarootdir}'
datarootdir='${prefix}/share'
docdir='${datarootdir}/doc/${PACKAGE_TARNAME}'
dvidir='${docdir}'
exec_prefix='${prefix}'
host='i686-pc-linux-gnu'
host_alias=''
host_cpu='i686'
host_os='linux-gnu'
host_vendor='pc'
htmldir='${docdir}'
includedir='${prefix}/include'
infodir='${datarootdir}/info'
install_sh='${SHELL} /home/troll/filezilla/config/install-sh'
libdir='${exec_prefix}/lib'
libexecdir='${exec_prefix}/libexec'
localedir='${datarootdir}/locale'
localstatedir='${prefix}/var'
mandir='${datarootdir}/man'
mkdir_p='/bin/mkdir -p'
msgfmt='/usr/bin/msgfmt'
msgmerge='/usr/bin/msgmerge'
oldincludedir='/usr/include'
pdfdir='${docdir}'
prefix='/usr/local'
program_transform_name='s,x,x,'
psdir='${docdir}'
sbindir='${exec_prefix}/sbin'
sharedstatedir='${prefix}/com'
sysconfdir='${prefix}/etc'
target_alias=''
xdgopen='/usr/bin/xdg-open'
xgettext='/usr/bin/xgettext'

## ----------- ##
## confdefs.h. ##
## ----------- ##

/* confdefs.h */
#define PACKAGE_NAME "FileZilla"
#define PACKAGE_TARNAME "filezilla"
#define PACKAGE_VERSION "3.5.3"
#define PACKAGE_STRING "FileZilla 3.5.3"
#define PACKAGE_BUGREPORT "tim.kosse@filezilla-project.org"
#define PACKAGE_URL ""
#define PACKAGE "filezilla"
#define VERSION "3.5.3"
#define STDC_HEADERS 1
#define HAVE_SYS_TYPES_H 1
#define HAVE_SYS_STAT_H 1
#define HAVE_STDLIB_H 1
#define HAVE_STRING_H 1
#define HAVE_MEMORY_H 1
#define HAVE_STRINGS_H 1
#define HAVE_INTTYPES_H 1
#define HAVE_STDINT_H 1
#define HAVE_UNISTD_H 1
#define HAVE_DLFCN_H 1
#define LT_OBJDIR ".libs/"
#define USED_HOST "i686-pc-linux-gnu"
#define USED_BUILD "i686-pc-linux-gnu"
#define USED_CXXFLAGS "-g -O2 -Wall -g -fexceptions -std=gnu++0x"
#define USED_COMPILER "gcc (Ubuntu/Linaro 4.6.1-9ubuntu3) 4.6.1"
#define HAVE_UTMPX_H 1
#define HAVE_SYS_SELECT_H 1
#define HAVE_GETADDRINFO 1
#define HAVE_PTSNAME 1
#define HAVE_SETRESUID 1
#define HAVE_STRSIGNAL 1
#define HAVE_UPDWTMPX 1
#define HAVE_GETTIMEOFDAY 1
#define HAVE_FTIME 1
#define HAVE_IN6ADDR_LOOPBACK 1
#define HAVE_IN6ADDR_ANY 1
#define ENABLE_BINRELOC 1
#define FZ_MANUALUPDATECHECK 1
#define FZ_AUTOUPDATECHECK 1
#define WITH_LIBDBUS 2
#define HAVE_SETENV 1
#define HAVE_PUTENV 1

configure: exit 0

## ---------------------- ##
## Running config.status. ##
## ---------------------- ##

This file was extended by FileZilla config.status 3.5.3, which was
generated by GNU Autoconf 2.68.  Invocation command line was

  CONFIG_FILES    = 
  CONFIG_HEADERS  = 
  CONFIG_LINKS    = 
  CONFIG_COMMANDS = 
  $ ./config.status Makefile

on troll-NC110-ubuntu

config.status:1283: creating Makefile

## ---------------------- ##
## Running config.status. ##
## ---------------------- ##

This file was extended by FileZilla config.status 3.5.3, which was
generated by GNU Autoconf 2.68.  Invocation command line was

  CONFIG_FILES    = 
  CONFIG_HEADERS  = 
  CONFIG_LINKS    = 
  CONFIG_COMMANDS = 
  $ ./config.status src/engine/Makefile depfiles

on troll-NC110-ubuntu

config.status:1283: creating src/engine/Makefile
config.status:1512: executing depfiles commands

## ---------------------- ##
## Running config.status. ##
## ---------------------- ##

This file was extended by FileZilla config.status 3.5.3, which was
generated by GNU Autoconf 2.68.  Invocation command line was

  CONFIG_FILES    = 
  CONFIG_HEADERS  = 
  CONFIG_LINKS    = 
  CONFIG_COMMANDS = 
  $ ./config.status src/dbus/Makefile depfiles

on troll-NC110-ubuntu

config.status:1283: creating src/dbus/Makefile
config.status:1512: executing depfiles commands

## ---------------------- ##
## Running config.status. ##
## ---------------------- ##

This file was extended by FileZilla config.status 3.5.3, which was
generated by GNU Autoconf 2.68.  Invocation command line was

  CONFIG_FILES    = 
  CONFIG_HEADERS  = 
  CONFIG_LINKS    = 
  CONFIG_COMMANDS = 
  $ ./config.status src/interface/Makefile depfiles

on troll-NC110-ubuntu

config.status:1283: creating src/interface/Makefile
config.status:1512: executing depfiles commands

## ---------------------- ##
## Running config.status. ##
## ---------------------- ##

This file was extended by FileZilla config.status 3.5.3, which was
generated by GNU Autoconf 2.68.  Invocation command line was

  CONFIG_FILES    = 
  CONFIG_HEADERS  = 
  CONFIG_LINKS    = 
  CONFIG_COMMANDS = 
  $ ./config.status src/interface/Makefile depfiles

on troll-NC110-ubuntu

config.status:1283: creating src/interface/Makefile
config.status:1512: executing depfiles commands

## ---------------------- ##
## Running config.status. ##
## ---------------------- ##

This file was extended by FileZilla config.status 3.5.3, which was
generated by GNU Autoconf 2.68.  Invocation command line was

  CONFIG_FILES    = 
  CONFIG_HEADERS  = 
  CONFIG_LINKS    = 
  CONFIG_COMMANDS = 
  $ ./config.status src/interface/Makefile depfiles

on troll-NC110-ubuntu

config.status:1283: creating src/interface/Makefile
config.status:1512: executing depfiles commands

## ---------------------- ##
## Running config.status. ##
## ---------------------- ##

This file was extended by FileZilla config.status 3.5.3, which was
generated by GNU Autoconf 2.68.  Invocation command line was

  CONFIG_FILES    = 
  CONFIG_HEADERS  = 
  CONFIG_LINKS    = 
  CONFIG_COMMANDS = 
  $ ./config.status data/Makefile

on troll-NC110-ubuntu

config.status:1283: creating data/Makefile
